This is pdfTeX, Version 3.141592653-2.6-1.40.24 (TeX Live 2022/CVE-2023-32700 patched) (preloaded format=pdflatex 2023.11.21)  21 NOV 2023 12:04
entering extended mode
 restricted \write18 enabled.
 file:line:error style messages enabled.
 %&-line parsing enabled.
**/home/dontloseyourheadsu/Documentos/Github/DisenoDigitalReports/Reporte_Lab/main.tex
(/home/dontloseyourheadsu/Documentos/Github/DisenoDigitalReports/Reporte_Lab/main.tex
LaTeX2e <2022-06-01> patch level 5
L3 programming layer <2022-12-17> (/usr/share/texlive/texmf-dist/tex/latex/base/article.cls
Document Class: article 2021/10/04 v1.4n Standard LaTeX document class
(/usr/share/texlive/texmf-dist/tex/latex/base/size12.clo
File: size12.clo 2021/10/04 v1.4n Standard LaTeX file (size option)
)
\c@part=\count185
\c@section=\count186
\c@subsection=\count187
\c@subsubsection=\count188
\c@paragraph=\count189
\c@subparagraph=\count190
\c@figure=\count191
\c@table=\count192
\abovecaptionskip=\skip47
\belowcaptionskip=\skip48
\bibindent=\dimen140
) (/usr/share/texlive/texmf-dist/tex/generic/babel/babel.sty
Package: babel 2022/12/26 3.84 The Babel package
\babel@savecnt=\count193
\U@D=\dimen141
\l@unhyphenated=\language86
 (/usr/share/texlive/texmf-dist/tex/generic/babel/txtbabel.def)
\bbl@readstream=\read2
\bbl@dirlevel=\count194
 (/usr/share/texlive/texmf-dist/tex/generic/babel-english/english.ldf
Language: english 2017/06/06 v3.3r English support from the babel system
Package babel Info: Hyphen rules for 'canadian' set to \l@english
(babel)             (\language0). Reported on input line 102.
Package babel Info: Hyphen rules for 'australian' set to \l@ukenglish
(babel)             (\language38). Reported on input line 105.
Package babel Info: Hyphen rules for 'newzealand' set to \l@ukenglish
(babel)             (\language38). Reported on input line 108.
)) (/usr/share/texlive/texmf-dist/tex/generic/babel/locale/en/babel-english.tex
Package babel Info: Importing font and identification data for english
(babel)             from babel-en.ini. Reported on input line 11.
) (/usr/share/texlive/texmf-dist/tex/latex/base/inputenc.sty
Package: inputenc 2021/02/14 v1.3d Input encoding file
\inpenc@prehook=\toks16
\inpenc@posthook=\toks17
) (/usr/share/texlive/texmf-dist/tex/latex/amsmath/amsmath.sty
Package: amsmath 2022/04/08 v2.17n AMS math features
\@mathmargin=\skip49

For additional information on amsmath, use the `?' option.
(/usr/share/texlive/texmf-dist/tex/latex/amsmath/amstext.sty
Package: amstext 2021/08/26 v2.01 AMS text
 (/usr/share/texlive/texmf-dist/tex/latex/amsmath/amsgen.sty
File: amsgen.sty 1999/11/30 v2.0 generic functions
\@emptytoks=\toks18
\ex@=\dimen142
)) (/usr/share/texlive/texmf-dist/tex/latex/amsmath/amsbsy.sty
Package: amsbsy 1999/11/29 v1.2d Bold Symbols
\pmbraise@=\dimen143
) (/usr/share/texlive/texmf-dist/tex/latex/amsmath/amsopn.sty
Package: amsopn 2022/04/08 v2.04 operator names
)
\inf@bad=\count195
LaTeX Info: Redefining \frac on input line 234.
\uproot@=\count196
\leftroot@=\count197
LaTeX Info: Redefining \overline on input line 399.
LaTeX Info: Redefining \colon on input line 410.
\classnum@=\count198
\DOTSCASE@=\count199
LaTeX Info: Redefining \ldots on input line 496.
LaTeX Info: Redefining \dots on input line 499.
LaTeX Info: Redefining \cdots on input line 620.
\Mathstrutbox@=\box51
\strutbox@=\box52
LaTeX Info: Redefining \big on input line 722.
LaTeX Info: Redefining \Big on input line 723.
LaTeX Info: Redefining \bigg on input line 724.
LaTeX Info: Redefining \Bigg on input line 725.
\big@size=\dimen144
LaTeX Font Info:    Redeclaring font encoding OML on input line 743.
LaTeX Font Info:    Redeclaring font encoding OMS on input line 744.
\macc@depth=\count266
LaTeX Info: Redefining \bmod on input line 905.
LaTeX Info: Redefining \pmod on input line 910.
LaTeX Info: Redefining \smash on input line 940.
LaTeX Info: Redefining \relbar on input line 970.
LaTeX Info: Redefining \Relbar on input line 971.
\c@MaxMatrixCols=\count267
\dotsspace@=\muskip16
\c@parentequation=\count268
\dspbrk@lvl=\count269
\tag@help=\toks19
\row@=\count270
\column@=\count271
\maxfields@=\count272
\andhelp@=\toks20
\eqnshift@=\dimen145
\alignsep@=\dimen146
\tagshift@=\dimen147
\tagwidth@=\dimen148
\totwidth@=\dimen149
\lineht@=\dimen150
\@envbody=\toks21
\multlinegap=\skip50
\multlinetaggap=\skip51
\mathdisplay@stack=\toks22
LaTeX Info: Redefining \[ on input line 2953.
LaTeX Info: Redefining \] on input line 2954.
) (/usr/share/texlive/texmf-dist/tex/latex/amsfonts/amssymb.sty
Package: amssymb 2013/01/14 v3.01 AMS font symbols
 (/usr/share/texlive/texmf-dist/tex/latex/amsfonts/amsfonts.sty
Package: amsfonts 2013/01/14 v3.01 Basic AMSFonts support
\symAMSa=\mathgroup4
\symAMSb=\mathgroup5
LaTeX Font Info:    Redeclaring math symbol \hbar on input line 98.
LaTeX Font Info:    Overwriting math alphabet `\mathfrak' in version `bold'
(Font)                  U/euf/m/n --> U/euf/b/n on input line 106.
)) (/usr/share/texlive/texmf-dist/tex/latex/graphics/graphicx.sty
Package: graphicx 2021/09/16 v1.2d Enhanced LaTeX Graphics (DPC,SPQR)
 (/usr/share/texlive/texmf-dist/tex/latex/graphics/keyval.sty
Package: keyval 2022/05/29 v1.15 key=value parser (DPC)
\KV@toks@=\toks23
) (/usr/share/texlive/texmf-dist/tex/latex/graphics/graphics.sty
Package: graphics 2022/03/10 v1.4e Standard LaTeX Graphics (DPC,SPQR)
 (/usr/share/texlive/texmf-dist/tex/latex/graphics/trig.sty
Package: trig 2021/08/11 v1.11 sin cos tan (DPC)
) (/usr/share/texlive/texmf-dist/tex/latex/graphics-cfg/graphics.cfg
File: graphics.cfg 2016/06/04 v1.11 sample graphics configuration
)
Package graphics Info: Driver file: pdftex.def on input line 107.
 (/usr/share/texlive/texmf-dist/tex/latex/graphics-def/pdftex.def
File: pdftex.def 2022/09/22 v1.2b Graphics/color driver for pdftex
))
\Gin@req@height=\dimen151
\Gin@req@width=\dimen152
) (/usr/share/texlive/texmf-dist/tex/latex/graphics/color.sty
Package: color 2022/01/06 v1.3d Standard LaTeX Color (DPC)
 (/usr/share/texlive/texmf-dist/tex/latex/graphics-cfg/color.cfg
File: color.cfg 2016/01/02 v1.6 sample color configuration
)
Package color Info: Driver file: pdftex.def on input line 149.
 (/usr/share/texlive/texmf-dist/tex/latex/graphics/mathcolor.ltx)) (/usr/share/texlive/texmf-dist/tex/latex/subfigure/subfigure.sty
Package: subfigure 2002/03/15 v2.1.5 subfigure package
\subfigtopskip=\skip52
\subfigcapskip=\skip53
\subfigcaptopadj=\dimen153
\subfigbottomskip=\skip54
\subfigcapmargin=\dimen154
\subfiglabelskip=\skip55
\c@subfigure=\count273
\c@lofdepth=\count274
\c@subtable=\count275
\c@lotdepth=\count276

****************************************
* Local config file subfigure.cfg used *
****************************************
(/usr/share/texlive/texmf-dist/tex/latex/subfigure/subfigure.cfg)
\subfig@top=\skip56
\subfig@bottom=\skip57
) (/usr/share/texlive/texmf-dist/tex/latex/tools/enumerate.sty
Package: enumerate 2015/07/23 v3.00 enumerate extensions (DPC)
\@enLab=\toks24
) (/usr/share/texlive/texmf-dist/tex/latex/commath/commath.sty (/usr/share/texlive/texmf-dist/tex/latex/base/ifthen.sty
Package: ifthen 2022/04/13 v1.1d Standard LaTeX ifthen package (DPC)
)) (/usr/share/texlive/texmf-dist/tex/latex/cancel/cancel.sty
Package: cancel 2013/04/12 v2.2 Cancel math terms
) (/usr/share/texlive/texmf-dist/tex/latex/float/float.sty
Package: float 2001/11/08 v1.3d Float enhancements (AL)
\c@float@type=\count277
\float@exts=\toks25
\float@box=\box53
\@float@everytoks=\toks26
\@floatcapt=\box54
) (/usr/share/texlive/texmf-dist/tex/latex/appendix/appendix.sty
Package: appendix 2020/02/08 v1.2c extra appendix facilities
\c@@pps=\count278
\c@@ppsavesec=\count279
\c@@ppsaveapp=\count280
) (/usr/share/texlive/texmf-dist/tex/latex/xcolor/xcolor.sty
Package: xcolor 2022/06/12 v2.14 LaTeX color extensions (UK)
 (/usr/share/texlive/texmf-dist/tex/latex/graphics-cfg/color.cfg
File: color.cfg 2016/01/02 v1.6 sample color configuration
)
Package xcolor Info: Driver file: pdftex.def on input line 227.
LaTeX Info: Redefining \color on input line 711.
 (/usr/share/texlive/texmf-dist/tex/latex/graphics/mathcolor.ltx)
Package xcolor Info: Model `cmy' substituted by `cmy0' on input line 1353.
Package xcolor Info: Model `hsb' substituted by `rgb' on input line 1357.
Package xcolor Info: Model `RGB' extended on input line 1369.
Package xcolor Info: Model `HTML' substituted by `rgb' on input line 1371.
Package xcolor Info: Model `Hsb' substituted by `hsb' on input line 1372.
Package xcolor Info: Model `tHsb' substituted by `hsb' on input line 1373.
Package xcolor Info: Model `HSB' substituted by `hsb' on input line 1374.
Package xcolor Info: Model `Gray' substituted by `gray' on input line 1375.
Package xcolor Info: Model `wave' substituted by `hsb' on input line 1376.
) (/usr/share/texlive/texmf-dist/tex/latex/listings/listings.sty
\lst@mode=\count281
\lst@gtempboxa=\box55
\lst@token=\toks27
\lst@length=\count282
\lst@currlwidth=\dimen155
\lst@column=\count283
\lst@pos=\count284
\lst@lostspace=\dimen156
\lst@width=\dimen157
\lst@newlines=\count285
\lst@lineno=\count286
\lst@maxwidth=\dimen158
 (/usr/share/texlive/texmf-dist/tex/latex/listings/lstmisc.sty
File: lstmisc.sty 2020/03/24 1.8d (Carsten Heinz)
\c@lstnumber=\count287
\lst@skipnumbers=\count288
\lst@framebox=\box56
) (/usr/share/texlive/texmf-dist/tex/latex/listings/listings.cfg
File: listings.cfg 2020/03/24 1.8d listings configuration
))
Package: listings 2020/03/24 1.8d (Carsten Heinz)
 (/usr/share/texlive/texmf-dist/tex/latex/caption/caption.sty
Package: caption 2022/03/01 v3.6b Customizing captions (AR)
 (/usr/share/texlive/texmf-dist/tex/latex/caption/caption3.sty
Package: caption3 2022/03/17 v2.3b caption3 kernel (AR)
\caption@tempdima=\dimen159
\captionmargin=\dimen160
\caption@leftmargin=\dimen161
\caption@rightmargin=\dimen162
\caption@width=\dimen163
\caption@indent=\dimen164
\caption@parindent=\dimen165
\caption@hangindent=\dimen166
Package caption Info: Standard document class detected.
)
\c@caption@flags=\count289
\c@continuedfloat=\count290
Package caption Info: float package is loaded.
Package caption Info: listings package is loaded.
Package caption Info: subfigure package is loaded.
) (/usr/share/texlive/texmf-dist/tex/latex/anysize/anysize.sty
Package: anysize 1994/08/13 setting margin sizes

document style option `anysize' loaded
Michael Salzenberg, Thomas Esser, Dirk Hillbrecht
Version 1.0, Aug 13, 1994
\@Leftmargin=\dimen167
\@Rightmargin=\dimen168
\@Topmargin=\dimen169
\@Bottommargin=\dimen170
) (/usr/share/texlive/texmf-dist/tex/latex/hyperref/hyperref.sty
Package: hyperref 2022-11-13 v7.00u Hypertext links for LaTeX
 (/usr/share/texlive/texmf-dist/tex/generic/ltxcmds/ltxcmds.sty
Package: ltxcmds 2020-05-10 v1.25 LaTeX kernel commands for general use (HO)
) (/usr/share/texlive/texmf-dist/tex/generic/iftex/iftex.sty
Package: iftex 2022/02/03 v1.0f TeX engine tests
) (/usr/share/texlive/texmf-dist/tex/generic/pdftexcmds/pdftexcmds.sty
Package: pdftexcmds 2020-06-27 v0.33 Utility functions of pdfTeX for LuaTeX (HO)
 (/usr/share/texlive/texmf-dist/tex/generic/infwarerr/infwarerr.sty
Package: infwarerr 2019/12/03 v1.5 Providing info/warning/error messages (HO)
)
Package pdftexcmds Info: \pdf@primitive is available.
Package pdftexcmds Info: \pdf@ifprimitive is available.
Package pdftexcmds Info: \pdfdraftmode found.
) (/usr/share/texlive/texmf-dist/tex/latex/kvsetkeys/kvsetkeys.sty
Package: kvsetkeys 2022-10-05 v1.19 Key value parser (HO)
) (/usr/share/texlive/texmf-dist/tex/generic/kvdefinekeys/kvdefinekeys.sty
Package: kvdefinekeys 2019-12-19 v1.6 Define keys (HO)
) (/usr/share/texlive/texmf-dist/tex/generic/pdfescape/pdfescape.sty
Package: pdfescape 2019/12/09 v1.15 Implements pdfTeX's escape features (HO)
) (/usr/share/texlive/texmf-dist/tex/latex/hycolor/hycolor.sty
Package: hycolor 2020-01-27 v1.10 Color options for hyperref/bookmark (HO)
) (/usr/share/texlive/texmf-dist/tex/latex/letltxmacro/letltxmacro.sty
Package: letltxmacro 2019/12/03 v1.6 Let assignment for LaTeX macros (HO)
) (/usr/share/texlive/texmf-dist/tex/latex/auxhook/auxhook.sty
Package: auxhook 2019-12-17 v1.6 Hooks for auxiliary files (HO)
) (/usr/share/texlive/texmf-dist/tex/latex/hyperref/nameref.sty
Package: nameref 2022-05-17 v2.50 Cross-referencing by name of section
 (/usr/share/texlive/texmf-dist/tex/latex/refcount/refcount.sty
Package: refcount 2019/12/15 v3.6 Data extraction from label references (HO)
) (/usr/share/texlive/texmf-dist/tex/generic/gettitlestring/gettitlestring.sty
Package: gettitlestring 2019/12/15 v1.6 Cleanup title references (HO)
 (/usr/share/texlive/texmf-dist/tex/latex/kvoptions/kvoptions.sty
Package: kvoptions 2022-06-15 v3.15 Key value format for package options (HO)
))
\c@section@level=\count291
)
\@linkdim=\dimen171
\Hy@linkcounter=\count292
\Hy@pagecounter=\count293
 (/usr/share/texlive/texmf-dist/tex/latex/hyperref/pd1enc.def
File: pd1enc.def 2022-11-13 v7.00u Hyperref: PDFDocEncoding definition (HO)
Now handling font encoding PD1 ...
... no UTF-8 mapping file for font encoding PD1
) (/usr/share/texlive/texmf-dist/tex/generic/intcalc/intcalc.sty
Package: intcalc 2019/12/15 v1.3 Expandable calculations with integers (HO)
) (/usr/share/texlive/texmf-dist/tex/generic/etexcmds/etexcmds.sty
Package: etexcmds 2019/12/15 v1.7 Avoid name clashes with e-TeX commands (HO)
)
\Hy@SavedSpaceFactor=\count294
 (/usr/share/texlive/texmf-dist/tex/latex/hyperref/puenc.def
File: puenc.def 2022-11-13 v7.00u Hyperref: PDF Unicode definition (HO)
Now handling font encoding PU ...
... no UTF-8 mapping file for font encoding PU
)
Package hyperref Info: Option `colorlinks' set `true' on input line 4045.
Package hyperref Info: Option `plainpages' set `true' on input line 4045.
Package hyperref Info: Hyper figures OFF on input line 4162.
Package hyperref Info: Link nesting OFF on input line 4167.
Package hyperref Info: Hyper index ON on input line 4170.
Package hyperref Info: Plain pages ON on input line 4175.
Package hyperref Info: Backreferencing OFF on input line 4182.
Package hyperref Info: Implicit mode ON; LaTeX internals redefined.
Package hyperref Info: Bookmarks ON on input line 4410.
\c@Hy@tempcnt=\count295
 (/usr/share/texlive/texmf-dist/tex/latex/url/url.sty
\Urlmuskip=\muskip17
Package: url 2013/09/16  ver 3.4  Verb mode for urls, etc.
)
LaTeX Info: Redefining \url on input line 4748.
\XeTeXLinkMargin=\dimen172
 (/usr/share/texlive/texmf-dist/tex/generic/bitset/bitset.sty
Package: bitset 2019/12/09 v1.3 Handle bit-vector datatype (HO)
 (/usr/share/texlive/texmf-dist/tex/generic/bigintcalc/bigintcalc.sty
Package: bigintcalc 2019/12/15 v1.5 Expandable calculations on big integers (HO)
))
\Fld@menulength=\count296
\Field@Width=\dimen173
\Fld@charsize=\dimen174
Package hyperref Info: Hyper figures OFF on input line 6027.
Package hyperref Info: Link nesting OFF on input line 6032.
Package hyperref Info: Hyper index ON on input line 6035.
Package hyperref Info: backreferencing OFF on input line 6042.
Package hyperref Info: Link coloring ON on input line 6045.
Package hyperref Info: Link coloring with OCG OFF on input line 6052.
Package hyperref Info: PDF/A mode OFF on input line 6057.
 (/usr/share/texlive/texmf-dist/tex/latex/base/atbegshi-ltx.sty
Package: atbegshi-ltx 2021/01/10 v1.0c Emulation of the original atbegshi
package with kernel methods
)
\Hy@abspage=\count297
\c@Item=\count298
\c@Hfootnote=\count299
)
Package hyperref Info: Driver (autodetected): hpdftex.
 (/usr/share/texlive/texmf-dist/tex/latex/hyperref/hpdftex.def
File: hpdftex.def 2022-11-13 v7.00u Hyperref driver for pdfTeX
 (/usr/share/texlive/texmf-dist/tex/latex/base/atveryend-ltx.sty
Package: atveryend-ltx 2020/08/19 v1.0a Emulation of the original atveryend package
with kernel methods
)
\Fld@listcount=\count300
\c@bookmark@seq@number=\count301
 (/usr/share/texlive/texmf-dist/tex/latex/rerunfilecheck/rerunfilecheck.sty
Package: rerunfilecheck 2022-07-10 v1.10 Rerun checks for auxiliary files (HO)
 (/usr/share/texlive/texmf-dist/tex/generic/uniquecounter/uniquecounter.sty
Package: uniquecounter 2019/12/15 v1.4 Provide unlimited unique counter (HO)
)
Package uniquecounter Info: New unique counter `rerunfilecheck' on input line 285.
)
\Hy@SectionHShift=\skip58
) (/usr/share/texlive/texmf-dist/tex/latex/fancyhdr/fancyhdr.sty
Package: fancyhdr 2022/11/09 v4.1 Extensive control of page headers and footers
\f@nch@headwidth=\skip59
\f@nch@O@elh=\skip60
\f@nch@O@erh=\skip61
\f@nch@O@olh=\skip62
\f@nch@O@orh=\skip63
\f@nch@O@elf=\skip64
\f@nch@O@erf=\skip65
\f@nch@O@olf=\skip66
\f@nch@O@orf=\skip67
) (/usr/share/texlive/texmf-dist/tex/latex/l3backend/l3backend-pdftex.def
File: l3backend-pdftex.def 2022-10-26 L3 backend support: PDF output (pdfTeX)
\l__color_backend_stack_int=\count302
\l__pdf_internal_box=\box57
) (build/main.aux)
\openout1 = `main.aux'.

LaTeX Font Info:    Checking defaults for OML/cmm/m/it on input line 96.
LaTeX Font Info:    ... okay on input line 96.
LaTeX Font Info:    Checking defaults for OMS/cmsy/m/n on input line 96.
LaTeX Font Info:    ... okay on input line 96.
LaTeX Font Info:    Checking defaults for OT1/cmr/m/n on input line 96.
LaTeX Font Info:    ... okay on input line 96.
LaTeX Font Info:    Checking defaults for T1/cmr/m/n on input line 96.
LaTeX Font Info:    ... okay on input line 96.
LaTeX Font Info:    Checking defaults for TS1/cmr/m/n on input line 96.
LaTeX Font Info:    ... okay on input line 96.
LaTeX Font Info:    Checking defaults for OMX/cmex/m/n on input line 96.
LaTeX Font Info:    ... okay on input line 96.
LaTeX Font Info:    Checking defaults for U/cmr/m/n on input line 96.
LaTeX Font Info:    ... okay on input line 96.
LaTeX Font Info:    Checking defaults for PD1/pdf/m/n on input line 96.
LaTeX Font Info:    ... okay on input line 96.
LaTeX Font Info:    Checking defaults for PU/pdf/m/n on input line 96.
LaTeX Font Info:    ... okay on input line 96.
 (/usr/share/texlive/texmf-dist/tex/context/base/mkii/supp-pdf.mkii
[Loading MPS to PDF converter (version 2006.09.02).]
\scratchcounter=\count303
\scratchdimen=\dimen175
\scratchbox=\box58
\nofMPsegments=\count304
\nofMParguments=\count305
\everyMPshowfont=\toks28
\MPscratchCnt=\count306
\MPscratchDim=\dimen176
\MPnumerator=\count307
\makeMPintoPDFobject=\count308
\everyMPtoPDFconversion=\toks29
) (/usr/share/texlive/texmf-dist/tex/latex/epstopdf-pkg/epstopdf-base.sty
Package: epstopdf-base 2020-01-24 v2.11 Base part for package epstopdf
Package epstopdf-base Info: Redefining graphics rule for `.eps' on input line 485.
 (/usr/share/texlive/texmf-dist/tex/latex/latexconfig/epstopdf-sys.cfg
File: epstopdf-sys.cfg 2010/07/13 v1.3 Configuration of (r)epstopdf for TeX Live
))
\c@lstlisting=\count309
Package caption Info: Begin \AtBeginDocument code.
Package caption Info: hyperref package is loaded.
Package caption Info: End \AtBeginDocument code.
Package hyperref Info: Link coloring ON on input line 96.
 (build/main.out) (build/main.out)
\@outlinefile=\write3
\openout3 = `main.out'.

Package epstopdf Info: Source file: <Imagenes//UDLAP.eps>
(epstopdf)                    date: 2023-11-12 21:53:46
(epstopdf)                    size: 10176122 bytes
(epstopdf)             Output file: <Imagenes//UDLAP-eps-converted-to.pdf>
(epstopdf)                    date: 2023-11-12 21:53:46
(epstopdf)                    size: 169923 bytes
(epstopdf)             Command: <repstopdf --outfile=Imagenes//UDLAP-eps-converted-to.pdf Imagenes//UDLAP.eps>
(epstopdf)             \includegraphics on input line 112.
Package epstopdf Info: Output file is already uptodate.


pdfTeX warning: pdflatex (file ./Imagenes//UDLAP-eps-converted-to.pdf): PDF inclusion: found PDF version <1.7>, but at most version <1.5> allowed
<Imagenes//UDLAP-eps-converted-to.pdf, id=8, 685.56125pt x 141.52875pt>
File: Imagenes//UDLAP-eps-converted-to.pdf Graphic file (type pdf)
<use Imagenes//UDLAP-eps-converted-to.pdf>
Package pdftex.def Info: Imagenes//UDLAP-eps-converted-to.pdf  used on input line 112.
(pdftex.def)             Requested size: 426.79134pt x 88.10971pt.
[1

{/var/lib/texmf/fonts/map/pdftex/updmap/pdftex.map} <./Imagenes//UDLAP-eps-converted-to.pdf>]
pdfTeX warning (ext4): destination with the same identifier (name{page.1}) has been already used, duplicate ignored
<to be read again> 
                   \relax 
l.173   \item U
               SB Flash Drive: Esta forma usa una memoria USB externa para g... [1]
LaTeX Font Info:    Trying to load font information for U+msa on input line 187.
 (/usr/share/texlive/texmf-dist/tex/latex/amsfonts/umsa.fd
File: umsa.fd 2013/01/14 v3.01 AMS symbols A
)
LaTeX Font Info:    Trying to load font information for U+msb on input line 187.
 (/usr/share/texlive/texmf-dist/tex/latex/amsfonts/umsb.fd
File: umsb.fd 2013/01/14 v3.01 AMS symbols B
)
<Imagenes/Schemes/medio-restador.png, id=42, 596.72937pt x 371.88937pt>
File: Imagenes/Schemes/medio-restador.png Graphic file (type png)
<use Imagenes/Schemes/medio-restador.png>
Package pdftex.def Info: Imagenes/Schemes/medio-restador.png  used on input line 202.
(pdftex.def)             Requested size: 120.92421pt x 75.35825pt.
 [2 <./Imagenes/Schemes/medio-restador.png>]
<Imagenes/Schemes/multiplexor.jpg, id=55, 475.7775pt x 385.44pt>
File: Imagenes/Schemes/multiplexor.jpg Graphic file (type jpg)
<use Imagenes/Schemes/multiplexor.jpg>
Package pdftex.def Info: Imagenes/Schemes/multiplexor.jpg  used on input line 233.
(pdftex.def)             Requested size: 120.92421pt x 97.95947pt.
 [3 <./Imagenes/Schemes/multiplexor.jpg>] (/usr/share/texlive/texmf-dist/tex/latex/listings/lstlang1.sty
File: lstlang1.sty 2020/03/24 1.8d listings language file
)
Package hyperref Info: bookmark level for unknown lstlisting defaults to 0 on input line 284.

Overfull \hbox (6.0pt too wide) in paragraph at lines 284--284
[][][][][][][] 
 []


Overfull \hbox (6.0pt too wide) in paragraph at lines 284--284
[][][][][][][] 
 []

(./codigos/combinational/half.vhd [4]
LaTeX Font Info:    Trying to load font information for OML+cmr on input line 14.
 (/usr/share/texlive/texmf-dist/tex/latex/base/omlcmr.fd
File: omlcmr.fd 2019/12/16 v2.5j Standard LaTeX font definitions
)
LaTeX Font Info:    Font shape `OML/cmr/m/n' in size <12> not available
(Font)              Font shape `OML/cmm/m/it' tried instead on input line 14.
)
Overfull \hbox (6.0pt too wide) in paragraph at lines 288--288
[][][][][][][] 
 []


Overfull \hbox (6.0pt too wide) in paragraph at lines 288--288
[][][][][][][] 
 []

(./codigos/tests/halftest.vhd)
<Imagenes/waves/halfwave.png, id=92, 896.85063pt x 235.37938pt>
File: Imagenes/waves/halfwave.png Graphic file (type png)
<use Imagenes/waves/halfwave.png>
Package pdftex.def Info: Imagenes/waves/halfwave.png  used on input line 295.
(pdftex.def)             Requested size: 386.95897pt x 101.55594pt.
 [5 <./Imagenes/waves/halfwave.png>]
Overfull \hbox (6.0pt too wide) in paragraph at lines 302--302
[][][][][][][] 
 []


Overfull \hbox (6.0pt too wide) in paragraph at lines 302--302
[][][][][][][] 
 []

(./codigos/combinational/multiplexer.vhd)
Overfull \hbox (6.0pt too wide) in paragraph at lines 306--306
[][][][][][][] 
 []


Overfull \hbox (6.0pt too wide) in paragraph at lines 306--306
[][][][][][][] 
 []

(./codigos/tests/multiplexertest.vhd [6])
<Imagenes/waves/multiplexer.png, id=158, 897.85437pt x 234.8775pt>
File: Imagenes/waves/multiplexer.png Graphic file (type png)
<use Imagenes/waves/multiplexer.png>
Package pdftex.def Info: Imagenes/waves/multiplexer.png  used on input line 313.
(pdftex.def)             Requested size: 483.69687pt x 126.53448pt.

Overfull \hbox (6.0pt too wide) in paragraph at lines 319--319
[][][][][][][] 
 []


Overfull \hbox (6.0pt too wide) in paragraph at lines 319--319
[][][][][][][] 
 []

(./codigos/combinational/comparador-mag.vhd) [7 <./Imagenes/waves/multiplexer.png>]
Overfull \hbox (6.0pt too wide) in paragraph at lines 322--322
[][][][][][][] 
 []


Overfull \hbox (6.0pt too wide) in paragraph at lines 322--322
[][][][][][][] 
 []

(./codigos/tests/comparador-mag_testbench.vhd)
<Imagenes/waves/comp-mag.png, id=185, 424.58624pt x 38.39343pt>
File: Imagenes/waves/comp-mag.png Graphic file (type png)
<use Imagenes/waves/comp-mag.png>
Package pdftex.def Info: Imagenes/waves/comp-mag.png  used on input line 329.
(pdftex.def)             Requested size: 483.69687pt x 43.74083pt.

Overfull \hbox (6.0pt too wide) in paragraph at lines 336--336
[][][][][][][] 
 []


Overfull \hbox (6.0pt too wide) in paragraph at lines 336--336
[][][][][][][] 
 []

(./codigos/combinational/demultiplexor.vhd [8 <./Imagenes/waves/comp-mag.png>])
Overfull \hbox (6.0pt too wide) in paragraph at lines 340--340
[][][][][][][] 
 []


Overfull \hbox (6.0pt too wide) in paragraph at lines 340--340
[][][][][][][] 
 []

(./codigos/tests/demultiplexor_testbench.vhd)
<Imagenes/waves/demux-ep.png, id=219, 423.08063pt x 37.64063pt>
File: Imagenes/waves/demux-ep.png Graphic file (type png)
<use Imagenes/waves/demux-ep.png>
Package pdftex.def Info: Imagenes/waves/demux-ep.png  used on input line 347.
(pdftex.def)             Requested size: 532.0695pt x 47.33896pt.

Overfull \hbox (48.37263pt too wide) in paragraph at lines 347--348
 [][] 
 []

[9 <./Imagenes/waves/demux-ep.png>]
<simulations/half/half0.jpg, id=248, 749.80125pt x 1606.0pt>
File: simulations/half/half0.jpg Graphic file (type jpg)
<use simulations/half/half0.jpg>
Package pdftex.def Info: simulations/half/half0.jpg  used on input line 361.
(pdftex.def)             Requested size: 193.47578pt x 414.38895pt.
 [10 <./simulations/half/half0.jpg>]
<simulations/half/half2.jpg, id=256, 749.80125pt x 1606.0pt>
File: simulations/half/half2.jpg Graphic file (type jpg)
<use simulations/half/half2.jpg>
Package pdftex.def Info: simulations/half/half2.jpg  used on input line 370.
(pdftex.def)             Requested size: 193.47578pt x 414.38895pt.
<simulations/multiplex/multiplex2.jpg, id=257, 1606.0pt x 749.80125pt>
File: simulations/multiplex/multiplex2.jpg Graphic file (type jpg)
<use simulations/multiplex/multiplex2.jpg>
Package pdftex.def Info: simulations/multiplex/multiplex2.jpg  used on input line 381.
(pdftex.def)             Requested size: 483.69687pt x 225.82307pt.
<simulations/multiplex/multiplex5.jpg, id=258, 1606.0pt x 749.80125pt>
File: simulations/multiplex/multiplex5.jpg Graphic file (type jpg)
<use simulations/multiplex/multiplex5.jpg>
Package pdftex.def Info: simulations/multiplex/multiplex5.jpg  used on input line 389.
(pdftex.def)             Requested size: 483.69687pt x 225.82307pt.
 [11 <./simulations/half/half2.jpg>] [12 <./simulations/multiplex/multiplex2.jpg> <./simulations/multiplex/multiplex5.jpg>]
<simulations/magnitud-comp/comp-mag-10.jpg, id=273, 1781.65625pt x 1435.3625pt>
File: simulations/magnitud-comp/comp-mag-10.jpg Graphic file (type jpg)
<use simulations/magnitud-comp/comp-mag-10.jpg>
Package pdftex.def Info: simulations/magnitud-comp/comp-mag-10.jpg  used on input line 401.
(pdftex.def)             Requested size: 193.47578pt x 155.85349pt.
<simulations/magnitud-comp/comp.mag-11.jpg, id=274, 1761.58125pt x 1588.93625pt>
File: simulations/magnitud-comp/comp.mag-11.jpg Graphic file (type jpg)
<use simulations/magnitud-comp/comp.mag-11.jpg>
Package pdftex.def Info: simulations/magnitud-comp/comp.mag-11.jpg  used on input line 408.
(pdftex.def)             Requested size: 193.47578pt x 174.49258pt.
 [13 <./simulations/magnitud-comp/comp-mag-10.jpg> <./simulations/magnitud-comp/comp.mag-11.jpg>]
<simulations/demux/demux-01.jpg, id=282, 1484.54625pt x 1623.06375pt>
File: simulations/demux/demux-01.jpg Graphic file (type jpg)
<use simulations/demux/demux-01.jpg>
Package pdftex.def Info: simulations/demux/demux-01.jpg  used on input line 421.
(pdftex.def)             Requested size: 193.47578pt x 211.52577pt.
<simulations/demux/demux-11.jpg, id=283, 1878.01625pt x 1742.51pt>
File: simulations/demux/demux-11.jpg Graphic file (type jpg)
<use simulations/demux/demux-11.jpg>
Package pdftex.def Info: simulations/demux/demux-11.jpg  used on input line 429.
(pdftex.def)             Requested size: 241.84843pt x 224.38058pt.
 [14 <./simulations/demux/demux-01.jpg> <./simulations/demux/demux-11.jpg>] [15]
File: simulations/half/half0.jpg Graphic file (type jpg)
<use simulations/half/half0.jpg>
Package pdftex.def Info: simulations/half/half0.jpg  used on input line 449.
(pdftex.def)             Requested size: 193.47578pt x 414.38895pt.
 [16]
<simulations/half/half1.jpg, id=301, 749.80125pt x 1606.0pt>
File: simulations/half/half1.jpg Graphic file (type jpg)
<use simulations/half/half1.jpg>
Package pdftex.def Info: simulations/half/half1.jpg  used on input line 455.
(pdftex.def)             Requested size: 193.47578pt x 414.38895pt.
 [17 <./simulations/half/half1.jpg>]
File: simulations/half/half2.jpg Graphic file (type jpg)
<use simulations/half/half2.jpg>
Package pdftex.def Info: simulations/half/half2.jpg  used on input line 461.
(pdftex.def)             Requested size: 193.47578pt x 414.38895pt.
 [18]
<simulations/half/half3.jpg, id=313, 749.80125pt x 1606.0pt>
File: simulations/half/half3.jpg Graphic file (type jpg)
<use simulations/half/half3.jpg>
Package pdftex.def Info: simulations/half/half3.jpg  used on input line 467.
(pdftex.def)             Requested size: 193.47578pt x 414.38895pt.
 [19 <./simulations/half/half3.jpg>]
<simulations/multiplex/multiplex0.jpg, id=319, 562.35094pt x 1204.5pt>
File: simulations/multiplex/multiplex0.jpg Graphic file (type jpg)
<use simulations/multiplex/multiplex0.jpg>
Package pdftex.def Info: simulations/multiplex/multiplex0.jpg  used on input line 476.
(pdftex.def)             Requested size: 241.84843pt x 518.0168pt.
 [20 <./simulations/multiplex/multiplex0.jpg>]
<simulations/multiplex/multiplex1.jpg, id=326, 1606.0pt x 749.80125pt>
File: simulations/multiplex/multiplex1.jpg Graphic file (type jpg)
<use simulations/multiplex/multiplex1.jpg>
Package pdftex.def Info: simulations/multiplex/multiplex1.jpg  used on input line 482.
(pdftex.def)             Requested size: 483.69687pt x 225.82307pt.
File: simulations/multiplex/multiplex1.jpg Graphic file (type jpg)
<use simulations/multiplex/multiplex1.jpg>
Package pdftex.def Info: simulations/multiplex/multiplex1.jpg  used on input line 487.
(pdftex.def)             Requested size: 483.69687pt x 225.82307pt.
 [21 <./simulations/multiplex/multiplex1.jpg>]
File: simulations/multiplex/multiplex1.jpg Graphic file (type jpg)
<use simulations/multiplex/multiplex1.jpg>
Package pdftex.def Info: simulations/multiplex/multiplex1.jpg  used on input line 494.
(pdftex.def)             Requested size: 483.69687pt x 225.82307pt.
File: simulations/multiplex/multiplex1.jpg Graphic file (type jpg)
<use simulations/multiplex/multiplex1.jpg>
Package pdftex.def Info: simulations/multiplex/multiplex1.jpg  used on input line 499.
(pdftex.def)             Requested size: 483.69687pt x 225.82307pt.
 [22]
File: simulations/multiplex/multiplex1.jpg Graphic file (type jpg)
<use simulations/multiplex/multiplex1.jpg>
Package pdftex.def Info: simulations/multiplex/multiplex1.jpg  used on input line 506.
(pdftex.def)             Requested size: 483.69687pt x 225.82307pt.
File: simulations/multiplex/multiplex1.jpg Graphic file (type jpg)
<use simulations/multiplex/multiplex1.jpg>
Package pdftex.def Info: simulations/multiplex/multiplex1.jpg  used on input line 511.
(pdftex.def)             Requested size: 483.69687pt x 225.82307pt.
 [23]
File: simulations/multiplex/multiplex1.jpg Graphic file (type jpg)
<use simulations/multiplex/multiplex1.jpg>
Package pdftex.def Info: simulations/multiplex/multiplex1.jpg  used on input line 518.
(pdftex.def)             Requested size: 483.69687pt x 225.82307pt.
 [24]
<simulations/magnitud-comp/comp-mag-00.jpg, id=351, 1213.53375pt x 1466.47874pt>
File: simulations/magnitud-comp/comp-mag-00.jpg Graphic file (type jpg)
<use simulations/magnitud-comp/comp-mag-00.jpg>
Package pdftex.def Info: simulations/magnitud-comp/comp-mag-00.jpg  used on input line 527.
(pdftex.def)             Requested size: 193.47578pt x 233.79108pt.
<simulations/magnitud-comp/comp-mag-01.jpg, id=352, 1708.3825pt x 1626.075pt>
File: simulations/magnitud-comp/comp-mag-01.jpg Graphic file (type jpg)
<use simulations/magnitud-comp/comp-mag-01.jpg>
Package pdftex.def Info: simulations/magnitud-comp/comp-mag-01.jpg  used on input line 532.
(pdftex.def)             Requested size: 241.84843pt x 230.17976pt.
 [25 <./simulations/magnitud-comp/comp-mag-00.jpg> <./simulations/magnitud-comp/comp-mag-01.jpg>]
File: simulations/magnitud-comp/comp-mag-10.jpg Graphic file (type jpg)
<use simulations/magnitud-comp/comp-mag-10.jpg>
Package pdftex.def Info: simulations/magnitud-comp/comp-mag-10.jpg  used on input line 539.
(pdftex.def)             Requested size: 241.84843pt x 194.83876pt.
File: simulations/magnitud-comp/comp.mag-11.jpg Graphic file (type jpg)
<use simulations/magnitud-comp/comp.mag-11.jpg>
Package pdftex.def Info: simulations/magnitud-comp/comp.mag-11.jpg  used on input line 544.
(pdftex.def)             Requested size: 241.84843pt x 218.13391pt.
 [26]
<simulations/demux/demux-00.jpg, id=366, 2091.815pt x 3137.7225pt>
File: simulations/demux/demux-00.jpg Graphic file (type jpg)
<use simulations/demux/demux-00.jpg>
Package pdftex.def Info: simulations/demux/demux-00.jpg  used on input line 552.
(pdftex.def)             Requested size: 145.11053pt x 217.65215pt.
File: simulations/demux/demux-01.jpg Graphic file (type jpg)
<use simulations/demux/demux-01.jpg>
Package pdftex.def Info: simulations/demux/demux-01.jpg  used on input line 557.
(pdftex.def)             Requested size: 145.11053pt x 158.65053pt.
 [27 <./simulations/demux/demux-00.jpg>]
<simulations/demux/demux-10.jpg, id=374, 1782.66pt x 1536.74126pt>
File: simulations/demux/demux-10.jpg Graphic file (type jpg)
<use simulations/demux/demux-10.jpg>
Package pdftex.def Info: simulations/demux/demux-10.jpg  used on input line 564.
(pdftex.def)             Requested size: 241.84843pt x 208.48286pt.
File: simulations/demux/demux-11.jpg Graphic file (type jpg)
<use simulations/demux/demux-11.jpg>
Package pdftex.def Info: simulations/demux/demux-11.jpg  used on input line 569.
(pdftex.def)             Requested size: 241.84843pt x 224.38058pt.
 [28 <./simulations/demux/demux-10.jpg>]
Overfull \hbox (6.0pt too wide) in paragraph at lines 575--575
[][][][][][][] 
 []


Overfull \hbox (6.0pt too wide) in paragraph at lines 575--575
[][][][][][][] 
 []

(./codigos/combinational/half.vhd)
Overfull \hbox (6.0pt too wide) in paragraph at lines 577--577
[][][][][][][] 
 []


Overfull \hbox (6.0pt too wide) in paragraph at lines 577--577
[][][][][][][] 
 []

(./codigos/tests/halftest.vhd [29])
Overfull \hbox (6.0pt too wide) in paragraph at lines 579--579
[][][][][][][] 
 []


Overfull \hbox (6.0pt too wide) in paragraph at lines 579--579
[][][][][][][] 
 []

(./codigos/combinational/multiplexer.vhd [30])
Overfull \hbox (6.0pt too wide) in paragraph at lines 581--581
[][][][][][][] 
 []


Overfull \hbox (6.0pt too wide) in paragraph at lines 581--581
[][][][][][][] 
 []

(./codigos/tests/multiplexertest.vhd [31])
Overfull \hbox (6.0pt too wide) in paragraph at lines 583--583
[][][][][][][] 
 []


Overfull \hbox (6.0pt too wide) in paragraph at lines 583--583
[][][][][][][] 
 []

(./codigos/combinational/comparador-mag.vhd) [32]
Overfull \hbox (6.0pt too wide) in paragraph at lines 586--586
[][][][][][][] 
 []


Overfull \hbox (6.0pt too wide) in paragraph at lines 586--586
[][][][][][][] 
 []

(./codigos/tests/comparador-mag_testbench.vhd [33])
Overfull \hbox (6.0pt too wide) in paragraph at lines 588--588
[][][][][][][] 
 []


Overfull \hbox (6.0pt too wide) in paragraph at lines 588--588
[][][][][][][] 
 []

(./codigos/combinational/demultiplexor.vhd)
Overfull \hbox (6.0pt too wide) in paragraph at lines 591--591
[][][][][][][] 
 []


Overfull \hbox (6.0pt too wide) in paragraph at lines 591--591
[][][][][][][] 
 []

(./codigos/tests/demultiplexor_testbench.vhd [34]) [35] (build/main.bbl) [36

] (build/main.aux)
Package rerunfilecheck Info: File `main.out' has not changed.
(rerunfilecheck)             Checksum: BC8F9938B1EB5FEF2DDD327B7EE1D93D;101.
 ) 
Here is how much of TeX's memory you used:
 15539 strings out of 476175
 247104 string characters out of 5796270
 1915793 words of memory out of 6000000
 35024 multiletter control sequences out of 15000+600000
 521974 words of font info for 66 fonts, out of 8000000 for 9000
 1137 hyphenation exceptions out of 8191
 72i,13n,77p,788b,2108s stack positions out of 10000i,1000n,20000p,200000b,200000s
{/usr/share/texlive/texmf-dist/fonts/enc/dvips/cm-super/cm-super-ts1.enc}</usr/share/texlive/texmf-dist/fonts/type1/public/amsfonts/cm/cmbx10.pfb></usr/share/texlive/texmf-dist/fonts/type1/public/amsfonts/cm/cmbx12.pfb></usr/share/texlive/texmf-dist/fonts/type1/public/amsfonts/cm/cmcsc10.pfb></usr/share/texlive/texmf-dist/fonts/type1/public/amsfonts/cm/cmmi12.pfb></usr/share/texlive/texmf-dist/fonts/type1/public/amsfonts/cm/cmr10.pfb></usr/share/texlive/texmf-dist/fonts/type1/public/amsfonts/cm/cmr12.pfb></usr/share/texlive/texmf-dist/fonts/type1/public/amsfonts/cm/cmr17.pfb></usr/share/texlive/texmf-dist/fonts/type1/public/amsfonts/cm/cmti10.pfb></usr/share/texlive/texmf-dist/fonts/type1/public/amsfonts/cm/cmti12.pfb></usr/share/texlive/texmf-dist/fonts/type1/public/cm-super/sfrm1200.pfb></usr/share/texlive/texmf-dist/fonts/type1/public/cm-super/sfti1200.pfb>
Output written on build/main.pdf (37 pages, 4309066 bytes).
PDF statistics:
 876 PDF objects out of 1000 (max. 8388607)
 778 compressed objects within 8 object streams
 528 named destinations out of 1000 (max. 500000)
 124 words of extra memory for PDF output out of 10000 (max. 10000000)

